2024-10-30T00:02:31.672-05:00 DEBUG 22188 --- [msvc-juegos] [http-nio-8002-exec-4] o.s.web.servlet.DispatcherServlet        : GET "/api/juegos/user/sorteo/usuario/1014", parameters={}
2024-10-30T00:02:31.705-05:00 DEBUG 22188 --- [msvc-juegos] [http-nio-8002-exec-4] s.w.s.m.m.a.RequestMappingHandlerMapping : Mapped to org.loterianacional.springcloud.msvc.juegos.controllers.SorteoController#listarCompraSorteoPorUsuario_MsvcPago(Integer, String)
2024-10-30T00:02:32.259-05:00 DEBUG 22188 --- [msvc-juegos] [http-nio-8002-exec-4] o.s.w.c.HttpMessageConverterExtractor    : Reading to [java.util.List<org.loterianacional.springcloud.msvc.juegos.models.DTOs.CompraSorteoUsuario>]
2024-10-30T00:02:32.412-05:00 DEBUG 22188 --- [msvc-juegos] [http-nio-8002-exec-4] o.s.w.s.m.m.a.HttpEntityMethodProcessor  : Using 'application/json', given [*/*] and supported [application/json, application/*+json]
2024-10-30T00:02:32.425-05:00 DEBUG 22188 --- [msvc-juegos] [http-nio-8002-exec-4] o.s.w.s.m.m.a.HttpEntityMethodProcessor  : Writing [[CompraSorteoUsuario(idSorteo=5, idCompraSorteo=103, juego=Billete de la Fortuna, fechaSorteo=Sat Oc (truncated)...]
2024-10-30T00:02:32.475-05:00 DEBUG 22188 --- [msvc-juegos] [http-nio-8002-exec-4] o.s.web.servlet.DispatcherServlet        : Completed 200 OK
2024-10-30T00:07:53.249-05:00  INFO 22188 --- [msvc-juegos] [SpringApplicationShutdownHook] j.LocalContainerEntityManagerFactoryBean : Closing JPA EntityManagerFactory for persistence unit 'default'
2024-10-30T00:07:53.286-05:00  INFO 22188 --- [msvc-juegos] [SpringApplicationShutdownHook] com.zaxxer.hikari.HikariDataSource       : HikariPool-1 - Shutdown initiated...
2024-10-30T00:07:53.297-05:00  INFO 22188 --- [msvc-juegos] [SpringApplicationShutdownHook] com.zaxxer.hikari.HikariDataSource       : HikariPool-1 - Shutdown completed.
2024-10-30T08:38:25.624-05:00  INFO 14932 --- [msvc-juegos] [restartedMain] o.l.s.msvc.juegos.MsvcJuegosApplication  : Starting MsvcJuegosApplication using Java 17.0.6 with PID 14932 (D:\LN\BackEnd\loteria-nacional\msvc-juegos\target\classes started by User in D:\LN\BackEnd\loteria-nacional)
2024-10-30T08:38:25.631-05:00  INFO 14932 --- [msvc-juegos] [restartedMain] o.l.s.msvc.juegos.MsvcJuegosApplication  : No active profile set, falling back to 1 default profile: "default"
2024-10-30T08:38:25.707-05:00  INFO 14932 --- [msvc-juegos] [restartedMain] .e.DevToolsPropertyDefaultsPostProcessor : Devtools property defaults active! Set 'spring.devtools.add-properties' to 'false' to disable
2024-10-30T08:38:25.707-05:00  INFO 14932 --- [msvc-juegos] [restartedMain] .e.DevToolsPropertyDefaultsPostProcessor : For additional web related logging consider setting the 'logging.level.web' property to 'DEBUG'
2024-10-30T08:38:26.837-05:00  INFO 14932 --- [msvc-juegos] [restartedMain] .s.d.r.c.RepositoryConfigurationDelegate : Bootstrapping Spring Data JPA repositories in DEFAULT mode.
2024-10-30T08:38:26.948-05:00  INFO 14932 --- [msvc-juegos] [restartedMain] .s.d.r.c.RepositoryConfigurationDelegate : Finished Spring Data repository scanning in 101 ms. Found 8 JPA repository interfaces.
2024-10-30T08:38:27.259-05:00  INFO 14932 --- [msvc-juegos] [restartedMain] o.s.cloud.context.scope.GenericScope     : BeanFactory id=90dce99c-7af9-3ca6-b023-f2cf7dbdfa38
2024-10-30T08:38:28.123-05:00  INFO 14932 --- [msvc-juegos] [restartedMain] o.s.b.w.embedded.tomcat.TomcatWebServer  : Tomcat initialized with port 8002 (http)
2024-10-30T08:38:28.141-05:00  INFO 14932 --- [msvc-juegos] [restartedMain] o.apache.catalina.core.StandardService   : Starting service [Tomcat]
2024-10-30T08:38:28.142-05:00  INFO 14932 --- [msvc-juegos] [restartedMain] o.apache.catalina.core.StandardEngine    : Starting Servlet engine: [Apache Tomcat/10.1.30]
2024-10-30T08:38:28.212-05:00  INFO 14932 --- [msvc-juegos] [restartedMain] o.a.c.c.C.[Tomcat].[localhost].[/]       : Initializing Spring embedded WebApplicationContext
2024-10-30T08:38:28.213-05:00  INFO 14932 --- [msvc-juegos] [restartedMain] w.s.c.ServletWebServerApplicationContext : Root WebApplicationContext: initialization completed in 2505 ms
2024-10-30T08:38:28.517-05:00  INFO 14932 --- [msvc-juegos] [restartedMain] o.hibernate.jpa.internal.util.LogHelper  : HHH000204: Processing PersistenceUnitInfo [name: default]
2024-10-30T08:38:28.598-05:00  INFO 14932 --- [msvc-juegos] [restartedMain] org.hibernate.Version                    : HHH000412: Hibernate ORM core version 6.5.3.Final
2024-10-30T08:38:28.638-05:00  INFO 14932 --- [msvc-juegos] [restartedMain] o.h.c.internal.RegionFactoryInitiator    : HHH000026: Second-level cache disabled
2024-10-30T08:38:29.012-05:00  INFO 14932 --- [msvc-juegos] [restartedMain] o.s.o.j.p.SpringPersistenceUnitInfo      : No LoadTimeWeaver setup: ignoring JPA class transformer
2024-10-30T08:38:29.046-05:00  INFO 14932 --- [msvc-juegos] [restartedMain] com.zaxxer.hikari.HikariDataSource       : HikariPool-1 - Starting...
2024-10-30T08:38:29.561-05:00  INFO 14932 --- [msvc-juegos] [restartedMain] com.zaxxer.hikari.pool.HikariPool        : HikariPool-1 - Added connection ConnectionID:1 ClientConnectionId: c0f41768-cbff-4205-bbde-5a0666673894
2024-10-30T08:38:29.565-05:00  INFO 14932 --- [msvc-juegos] [restartedMain] com.zaxxer.hikari.HikariDataSource       : HikariPool-1 - Start completed.
2024-10-30T08:38:30.932-05:00  INFO 14932 --- [msvc-juegos] [restartedMain] o.h.e.t.j.p.i.JtaPlatformInitiator       : HHH000489: No JTA platform available (set 'hibernate.transaction.jta.platform' to enable JTA platform integration)
2024-10-30T08:38:30.937-05:00  INFO 14932 --- [msvc-juegos] [restartedMain] j.LocalContainerEntityManagerFactoryBean : Initialized JPA EntityManagerFactory for persistence unit 'default'
2024-10-30T08:38:31.328-05:00  INFO 14932 --- [msvc-juegos] [restartedMain] o.s.d.j.r.query.QueryEnhancerFactory     : Hibernate is in classpath; If applicable, HQL parser will be used.
2024-10-30T08:38:31.851-05:00  WARN 14932 --- [msvc-juegos] [restartedMain] JpaBaseConfiguration$JpaWebConfiguration : spring.jpa.open-in-view is enabled by default. Therefore, database queries may be performed during view rendering. Explicitly configure spring.jpa.open-in-view to disable this warning
2024-10-30T08:38:31.898-05:00  INFO 14932 --- [msvc-juegos] [restartedMain] o.s.b.d.a.OptionalLiveReloadServer       : LiveReload server is running on port 35729
2024-10-30T08:38:32.061-05:00  WARN 14932 --- [msvc-juegos] [restartedMain] .s.s.UserDetailsServiceAutoConfiguration : 

Using generated security password: cf198d5b-a782-49cf-ae1b-9e5cfa9d2b71

This generated password is for development use only. Your security configuration must be updated before running your application in production.

2024-10-30T08:38:32.076-05:00  INFO 14932 --- [msvc-juegos] [restartedMain] r$InitializeUserDetailsManagerConfigurer : Global AuthenticationManager configured with UserDetailsService bean with name inMemoryUserDetailsManager
2024-10-30T08:38:32.332-05:00 DEBUG 14932 --- [msvc-juegos] [restartedMain] s.w.s.m.m.a.RequestMappingHandlerMapping : 42 mappings in 'requestMappingHandlerMapping'
2024-10-30T08:38:32.488-05:00 DEBUG 14932 --- [msvc-juegos] [restartedMain] o.s.w.s.handler.SimpleUrlHandlerMapping  : Patterns [/webjars/**, /**] in 'resourceHandlerMapping'
2024-10-30T08:38:32.704-05:00 DEBUG 14932 --- [msvc-juegos] [restartedMain] s.w.s.m.m.a.RequestMappingHandlerAdapter : ControllerAdvice beans: 0 @ModelAttribute, 0 @InitBinder, 1 RequestBodyAdvice, 1 ResponseBodyAdvice
2024-10-30T08:38:32.758-05:00 DEBUG 14932 --- [msvc-juegos] [restartedMain] .m.m.a.ExceptionHandlerExceptionResolver : ControllerAdvice beans: 0 @ExceptionHandler, 1 ResponseBodyAdvice
2024-10-30T08:38:33.113-05:00  INFO 14932 --- [msvc-juegos] [restartedMain] o.s.b.w.embedded.tomcat.TomcatWebServer  : Tomcat started on port 8002 (http) with context path '/'
2024-10-30T08:38:33.200-05:00  INFO 14932 --- [msvc-juegos] [restartedMain] o.l.s.msvc.juegos.MsvcJuegosApplication  : Started MsvcJuegosApplication in 8.33 seconds (process running for 9.05)
2024-10-30T08:41:09.399-05:00  INFO 14932 --- [msvc-juegos] [http-nio-8002-exec-1] o.a.c.c.C.[Tomcat].[localhost].[/]       : Initializing Spring DispatcherServlet 'dispatcherServlet'
2024-10-30T08:41:09.400-05:00  INFO 14932 --- [msvc-juegos] [http-nio-8002-exec-1] o.s.web.servlet.DispatcherServlet        : Initializing Servlet 'dispatcherServlet'
2024-10-30T08:41:09.400-05:00 DEBUG 14932 --- [msvc-juegos] [http-nio-8002-exec-1] o.s.web.servlet.DispatcherServlet        : Detected StandardServletMultipartResolver
2024-10-30T08:41:09.400-05:00 DEBUG 14932 --- [msvc-juegos] [http-nio-8002-exec-1] o.s.web.servlet.DispatcherServlet        : Detected AcceptHeaderLocaleResolver
2024-10-30T08:41:09.400-05:00 DEBUG 14932 --- [msvc-juegos] [http-nio-8002-exec-1] o.s.web.servlet.DispatcherServlet        : Detected FixedThemeResolver
2024-10-30T08:41:09.403-05:00 DEBUG 14932 --- [msvc-juegos] [http-nio-8002-exec-1] o.s.web.servlet.DispatcherServlet        : Detected org.springframework.web.servlet.view.DefaultRequestToViewNameTranslator@7c0c4ce1
2024-10-30T08:41:09.404-05:00 DEBUG 14932 --- [msvc-juegos] [http-nio-8002-exec-1] o.s.web.servlet.DispatcherServlet        : Detected org.springframework.web.servlet.support.SessionFlashMapManager@51d8fbfd
2024-10-30T08:41:09.404-05:00 DEBUG 14932 --- [msvc-juegos] [http-nio-8002-exec-1] o.s.web.servlet.DispatcherServlet        : enableLoggingRequestDetails='false': request parameters and headers will be masked to prevent unsafe logging of potentially sensitive data
2024-10-30T08:41:09.404-05:00  INFO 14932 --- [msvc-juegos] [http-nio-8002-exec-1] o.s.web.servlet.DispatcherServlet        : Completed initialization in 4 ms
2024-10-30T08:41:09.546-05:00 DEBUG 14932 --- [msvc-juegos] [http-nio-8002-exec-1] o.s.web.servlet.DispatcherServlet        : POST "/api/juegos/user/ticketSorteo/registroTicketSorteoVirtual", parameters={}
2024-10-30T08:41:09.548-05:00 DEBUG 14932 --- [msvc-juegos] [http-nio-8002-exec-1] s.w.s.m.m.a.RequestMappingHandlerMapping : Mapped to org.loterianacional.springcloud.msvc.juegos.controllers.TicketSorteoController#insertarTicketSorteoVirtual(TicketSorteoVirtual)
2024-10-30T08:41:09.666-05:00 DEBUG 14932 --- [msvc-juegos] [http-nio-8002-exec-1] m.m.a.RequestResponseBodyMethodProcessor : Read "application/json;charset=UTF-8" to [TicketSorteoVirtual(ticketInicial=1501, cantidadTickets=10, idCompraSorteo=106)]
2024-10-30T08:41:09.840-05:00 DEBUG 14932 --- [msvc-juegos] [http-nio-8002-exec-1] o.s.w.s.m.m.a.HttpEntityMethodProcessor  : Using 'text/plain', given [*/*] and supported [text/plain, */*, application/json, application/*+json]
2024-10-30T08:41:09.842-05:00 DEBUG 14932 --- [msvc-juegos] [http-nio-8002-exec-1] o.s.w.s.m.m.a.HttpEntityMethodProcessor  : Writing ["Registro de tickets vituales correcto."]
2024-10-30T08:41:09.850-05:00 DEBUG 14932 --- [msvc-juegos] [http-nio-8002-exec-1] o.s.web.servlet.DispatcherServlet        : Completed 200 OK
2024-10-30T08:42:10.245-05:00 DEBUG 14932 --- [msvc-juegos] [http-nio-8002-exec-3] o.s.web.servlet.DispatcherServlet        : POST "/api/juegos/user/ticketSorteo/registroTicketSorteoFisico", parameters={}
2024-10-30T08:42:10.246-05:00 DEBUG 14932 --- [msvc-juegos] [http-nio-8002-exec-3] s.w.s.m.m.a.RequestMappingHandlerMapping : Mapped to org.loterianacional.springcloud.msvc.juegos.controllers.TicketSorteoController#insertarTicketSorteoFisico(TicketSorteoFisico)
2024-10-30T08:42:10.250-05:00 DEBUG 14932 --- [msvc-juegos] [http-nio-8002-exec-3] m.m.a.RequestResponseBodyMethodProcessor : Read "application/json;charset=UTF-8" to [TicketSorteoFisico(numeroTicketInicial=500, cantidadTickets=10, idCompraSorteo=107)]
2024-10-30T08:42:10.290-05:00 DEBUG 14932 --- [msvc-juegos] [http-nio-8002-exec-3] o.s.w.s.m.m.a.HttpEntityMethodProcessor  : Using 'text/plain', given [*/*] and supported [text/plain, */*, application/json, application/*+json]
2024-10-30T08:42:10.290-05:00 DEBUG 14932 --- [msvc-juegos] [http-nio-8002-exec-3] o.s.w.s.m.m.a.HttpEntityMethodProcessor  : Writing ["Registro de tickets fisicos correcto."]
2024-10-30T08:42:10.291-05:00 DEBUG 14932 --- [msvc-juegos] [http-nio-8002-exec-3] o.s.web.servlet.DispatcherServlet        : Completed 200 OK
2024-10-30T08:46:45.595-05:00 DEBUG 14932 --- [msvc-juegos] [http-nio-8002-exec-6] o.s.web.servlet.DispatcherServlet        : POST "/api/juegos/user/ticketSorteo/registroTicketSorteoVirtual", parameters={}
2024-10-30T08:46:45.598-05:00 DEBUG 14932 --- [msvc-juegos] [http-nio-8002-exec-6] s.w.s.m.m.a.RequestMappingHandlerMapping : Mapped to org.loterianacional.springcloud.msvc.juegos.controllers.TicketSorteoController#insertarTicketSorteoVirtual(TicketSorteoVirtual)
2024-10-30T08:46:45.608-05:00 DEBUG 14932 --- [msvc-juegos] [http-nio-8002-exec-6] m.m.a.RequestResponseBodyMethodProcessor : Read "application/json;charset=UTF-8" to [TicketSorteoVirtual(ticketInicial=1501, cantidadTickets=10, idCompraSorteo=108)]
2024-10-30T08:46:45.628-05:00 DEBUG 14932 --- [msvc-juegos] [http-nio-8002-exec-6] o.s.w.s.m.m.a.HttpEntityMethodProcessor  : Using 'text/plain', given [*/*] and supported [text/plain, */*, application/json, application/*+json]
2024-10-30T08:46:45.628-05:00 DEBUG 14932 --- [msvc-juegos] [http-nio-8002-exec-6] o.s.w.s.m.m.a.HttpEntityMethodProcessor  : Writing ["Registro de tickets vituales correcto."]
2024-10-30T08:46:45.630-05:00 DEBUG 14932 --- [msvc-juegos] [http-nio-8002-exec-6] o.s.web.servlet.DispatcherServlet        : Completed 200 OK
2024-10-30T08:47:21.156-05:00 DEBUG 14932 --- [msvc-juegos] [http-nio-8002-exec-5] o.s.web.servlet.DispatcherServlet        : POST "/api/juegos/user/ticketSorteo/registroTicketSorteoFisico", parameters={}
2024-10-30T08:47:21.157-05:00 DEBUG 14932 --- [msvc-juegos] [http-nio-8002-exec-5] s.w.s.m.m.a.RequestMappingHandlerMapping : Mapped to org.loterianacional.springcloud.msvc.juegos.controllers.TicketSorteoController#insertarTicketSorteoFisico(TicketSorteoFisico)
2024-10-30T08:47:21.159-05:00 DEBUG 14932 --- [msvc-juegos] [http-nio-8002-exec-5] m.m.a.RequestResponseBodyMethodProcessor : Read "application/json;charset=UTF-8" to [TicketSorteoFisico(numeroTicketInicial=500, cantidadTickets=10, idCompraSorteo=109)]
2024-10-30T08:47:21.175-05:00 DEBUG 14932 --- [msvc-juegos] [http-nio-8002-exec-5] o.s.w.s.m.m.a.HttpEntityMethodProcessor  : Using 'text/plain', given [*/*] and supported [text/plain, */*, application/json, application/*+json]
2024-10-30T08:47:21.175-05:00 DEBUG 14932 --- [msvc-juegos] [http-nio-8002-exec-5] o.s.w.s.m.m.a.HttpEntityMethodProcessor  : Writing ["Registro de tickets fisicos correcto."]
2024-10-30T08:47:21.177-05:00 DEBUG 14932 --- [msvc-juegos] [http-nio-8002-exec-5] o.s.web.servlet.DispatcherServlet        : Completed 200 OK
2024-10-30T08:48:17.892-05:00 DEBUG 14932 --- [msvc-juegos] [http-nio-8002-exec-7] o.s.web.servlet.DispatcherServlet        : POST "/api/juegos/user/ticketSorteo/registroTicketSorteoVirtual", parameters={}
2024-10-30T08:48:17.902-05:00 DEBUG 14932 --- [msvc-juegos] [http-nio-8002-exec-7] s.w.s.m.m.a.RequestMappingHandlerMapping : Mapped to org.loterianacional.springcloud.msvc.juegos.controllers.TicketSorteoController#insertarTicketSorteoVirtual(TicketSorteoVirtual)
2024-10-30T08:48:17.905-05:00 DEBUG 14932 --- [msvc-juegos] [http-nio-8002-exec-7] m.m.a.RequestResponseBodyMethodProcessor : Read "application/json;charset=UTF-8" to [TicketSorteoVirtual(ticketInicial=1511, cantidadTickets=10, idCompraSorteo=110)]
2024-10-30T08:48:17.915-05:00 DEBUG 14932 --- [msvc-juegos] [http-nio-8002-exec-7] o.s.w.s.m.m.a.HttpEntityMethodProcessor  : Using 'text/plain', given [*/*] and supported [text/plain, */*, application/json, application/*+json]
2024-10-30T08:48:17.915-05:00 DEBUG 14932 --- [msvc-juegos] [http-nio-8002-exec-7] o.s.w.s.m.m.a.HttpEntityMethodProcessor  : Writing ["Registro de tickets vituales correcto."]
2024-10-30T08:48:17.916-05:00 DEBUG 14932 --- [msvc-juegos] [http-nio-8002-exec-7] o.s.web.servlet.DispatcherServlet        : Completed 200 OK
2024-10-30T09:15:42.960-05:00  INFO 14932 --- [msvc-juegos] [SpringApplicationShutdownHook] j.LocalContainerEntityManagerFactoryBean : Closing JPA EntityManagerFactory for persistence unit 'default'
2024-10-30T09:15:43.941-05:00  INFO 14932 --- [msvc-juegos] [SpringApplicationShutdownHook] com.zaxxer.hikari.HikariDataSource       : HikariPool-1 - Shutdown initiated...
2024-10-30T09:15:43.999-05:00  INFO 14932 --- [msvc-juegos] [SpringApplicationShutdownHook] com.zaxxer.hikari.HikariDataSource       : HikariPool-1 - Shutdown completed.
